2025-11-29 00:51:04,758 [INFO] Activator:176 - 


2025-11-29 00:51:04,759 [INFO] Activator:177 - !SESSION log4j initialized
2025-11-29 00:51:06,587 [INFO] LogOutputStream:77 - [STDOUT_REDIRECT] 
2025-11-29 00:51:07,794 [INFO] ApplicationProperties:184 - Using Application install path: C:\Program Files\STMicroelectronics\STM32Cube\STM32CubeIDE_1.18.1\STM32CubeIDE\plugins\com.st.stm32cube.common.mx_6.14.1.202504091515
2025-11-29 00:51:07,807 [INFO] DbMcusXml:78 - Set database path to: C:\Program Files\STMicroelectronics\STM32Cube\STM32CubeIDE_1.18.1\STM32CubeIDE\plugins\com.st.stm32cube.common.mx_6.14.1.202504091515\\db\/mcu/
2025-11-29 00:51:07,808 [INFO] ApiDb:274 - Set plugin database path to: C:\Program Files\STMicroelectronics\STM32Cube\STM32CubeIDE_1.18.1\STM32CubeIDE\plugins\com.st.stm32cube.common.mx_6.14.1.202504091515\\db\/plugins/boardmanager/
2025-11-29 00:51:07,808 [WARN] ApiDb:259 - Overriding images path with different value:  => C:\Program Files\STMicroelectronics\STM32Cube\STM32CubeIDE_1.18.1\STM32CubeIDE\plugins\com.st.stm32cube.common.mx_6.14.1.202504091515\\db\/plugins/mcufinder/images/
2025-11-29 00:51:07,813 [INFO] ApiDb:250 - Set database path to: C:\Users\estad\.stmcufinder\plugins\mcufinder//mcu/
2025-11-29 00:51:07,814 [INFO] DbMcusAds:125 - Set database path to: C:\Users\estad\.stmcufinder\plugins\mcufinder//mcu/
2025-11-29 00:51:07,816 [INFO] CrossReferenceDbSqlite:203 - Set database path to: C:\Users\estad\.stmcufinder\plugins\mcufinder//mcu/cs/
2025-11-29 00:51:07,877 [INFO] RulesReader:64 - Compatibility file has been processed (302 Rules)
2025-11-29 00:51:07,931 [INFO] DbMcusXml:78 - Set database path to: C:\Program Files\STMicroelectronics\STM32Cube\STM32CubeIDE_1.18.1\STM32CubeIDE\plugins\com.st.stm32cube.common.mx_6.14.1.202504091515\\db\/mcu/
2025-11-29 00:51:07,931 [INFO] ApiDb:274 - Set plugin database path to: C:\Program Files\STMicroelectronics\STM32Cube\STM32CubeIDE_1.18.1\STM32CubeIDE\plugins\com.st.stm32cube.common.mx_6.14.1.202504091515\\db\/plugins/boardmanager/
2025-11-29 00:51:07,931 [INFO] ApiDb:261 - Set plugin images path to: C:\Program Files\STMicroelectronics\STM32Cube\STM32CubeIDE_1.18.1\STM32CubeIDE\plugins\com.st.stm32cube.common.mx_6.14.1.202504091515\\db\/plugins/mcufinder/images/
2025-11-29 00:51:07,931 [WARN] DbFile:41 - Overriding database path with different value: C:\Users\estad\.stmcufinder\plugins\mcufinder/ => C:\Users\estad\.stmcufinder\plugins\mcufinder
2025-11-29 00:51:07,931 [INFO] ApiDb:250 - Set database path to: C:\Users\estad\.stmcufinder\plugins\mcufinder//mcu/
2025-11-29 00:51:07,931 [WARN] DbFile:41 - Overriding database path with different value: C:\Users\estad\.stmcufinder\plugins\mcufinder/ => C:\Users\estad\.stmcufinder\plugins\mcufinder
2025-11-29 00:51:07,931 [INFO] DbMcusAds:125 - Set database path to: C:\Users\estad\.stmcufinder\plugins\mcufinder//mcu/
2025-11-29 00:51:07,931 [WARN] DbFile:41 - Overriding database path with different value: C:\Users\estad\.stmcufinder\plugins\mcufinder/ => C:\Users\estad\.stmcufinder\plugins\mcufinder
2025-11-29 00:51:07,931 [WARN] DbFile:41 - Overriding database path with different value: C:\Users\estad\.stmcufinder\plugins\mcufinder/ => C:\Users\estad\.stmcufinder\plugins\mcufinder
2025-11-29 00:51:07,931 [INFO] CrossReferenceDbSqlite:203 - Set database path to: C:\Users\estad\.stmcufinder\plugins\mcufinder//mcu/cs/
2025-11-29 00:51:07,982 [INFO] MainPanel:272 - HeapMemory: 268435456
2025-11-29 00:51:08,059 [INFO] DbMcusXml:78 - Set database path to: C:\Program Files\STMicroelectronics\STM32Cube\STM32CubeIDE_1.18.1\STM32CubeIDE\plugins\com.st.stm32cube.common.mx_6.14.1.202504091515\\db\/mcu/
2025-11-29 00:51:08,059 [INFO] ApiDb:274 - Set plugin database path to: C:\Program Files\STMicroelectronics\STM32Cube\STM32CubeIDE_1.18.1\STM32CubeIDE\plugins\com.st.stm32cube.common.mx_6.14.1.202504091515\\db\/plugins/boardmanager/
2025-11-29 00:51:08,059 [INFO] ApiDb:261 - Set plugin images path to: C:\Program Files\STMicroelectronics\STM32Cube\STM32CubeIDE_1.18.1\STM32CubeIDE\plugins\com.st.stm32cube.common.mx_6.14.1.202504091515\\db\/plugins/mcufinder/images/
2025-11-29 00:51:08,059 [WARN] DbFile:41 - Overriding database path with different value: C:\Users\estad\.stmcufinder\plugins\mcufinder/ => C:\Users\estad\.stmcufinder\plugins\mcufinder
2025-11-29 00:51:08,059 [INFO] ApiDb:250 - Set database path to: C:\Users\estad\.stmcufinder\plugins\mcufinder//mcu/
2025-11-29 00:51:08,059 [WARN] DbFile:41 - Overriding database path with different value: C:\Users\estad\.stmcufinder\plugins\mcufinder/ => C:\Users\estad\.stmcufinder\plugins\mcufinder
2025-11-29 00:51:08,059 [INFO] DbMcusAds:125 - Set database path to: C:\Users\estad\.stmcufinder\plugins\mcufinder//mcu/
2025-11-29 00:51:08,059 [WARN] DbFile:41 - Overriding database path with different value: C:\Users\estad\.stmcufinder\plugins\mcufinder/ => C:\Users\estad\.stmcufinder\plugins\mcufinder
2025-11-29 00:51:08,059 [WARN] DbFile:41 - Overriding database path with different value: C:\Users\estad\.stmcufinder\plugins\mcufinder/ => C:\Users\estad\.stmcufinder\plugins\mcufinder
2025-11-29 00:51:08,060 [INFO] CrossReferenceDbSqlite:203 - Set database path to: C:\Users\estad\.stmcufinder\plugins\mcufinder//mcu/cs/
2025-11-29 00:51:08,071 [INFO] ApplicationProperties:184 - Using Application install path: C:\Program Files\STMicroelectronics\STM32Cube\STM32CubeIDE_1.18.1\STM32CubeIDE\plugins\com.st.stm32cube.common.mx_6.14.1.202504091515
2025-11-29 00:51:08,072 [INFO] PluginManage:196 - Search for loadable plugins [exclusion list=, ]
2025-11-29 00:51:08,073 [INFO] PluginManage:310 - Check plugin analytics
2025-11-29 00:51:08,186 [INFO] AnalyticsPlugin:253 - Accepted Software Licenses: STM32CubeMX.6.14.1
2025-11-29 00:51:08,186 [INFO] AnalyticsPlugin:255 - Accepted CMSIS Pack Licenses: STMicroelectronics.X-CUBE-DISPLAY.3.0.0
2025-11-29 00:51:08,186 [INFO] AnalyticsPlugin:257 - Accepted Firmware Licenses: FW.L5.1.5.0
2025-11-29 00:51:08,188 [INFO] PluginManage:359 - Loaded plugin analytics (category:tool,tabindex:-1)
2025-11-29 00:51:08,188 [INFO] PluginManage:310 - Check plugin cadmodel
2025-11-29 00:51:08,192 [INFO] CADModel:105 - Init CAD model plugin
2025-11-29 00:51:08,192 [INFO] PluginManage:359 - Loaded plugin cadmodel (category:power,tabindex:5)
2025-11-29 00:51:08,193 [INFO] PluginManage:310 - Check plugin clock
2025-11-29 00:51:08,200 [INFO] PluginManage:359 - Loaded plugin clock (category:base,tabindex:2)
2025-11-29 00:51:08,201 [INFO] PluginManage:310 - Check plugin ddr
2025-11-29 00:51:08,203 [INFO] PluginManage:359 - Loaded plugin ddr (category:tool,tabindex:6)
2025-11-29 00:51:08,203 [INFO] PluginManage:310 - Check plugin filemanager
2025-11-29 00:51:08,321 [INFO] PluginManage:359 - Loaded plugin filemanager (category:base,tabindex:10)
2025-11-29 00:51:08,322 [INFO] PluginManage:310 - Check plugin ipmanager
2025-11-29 00:51:08,327 [INFO] PluginManage:359 - Loaded plugin ipmanager (category:base,tabindex:5)
2025-11-29 00:51:08,327 [INFO] PluginManage:310 - Check plugin lpbam
2025-11-29 00:51:08,332 [INFO] PluginManage:359 - Loaded plugin lpbam (category:base,tabindex:0)
2025-11-29 00:51:08,332 [INFO] PluginManage:310 - Check plugin memorymap
2025-11-29 00:51:08,343 [INFO] PluginManage:359 - Loaded plugin memorymap (category:base,tabindex:4)
2025-11-29 00:51:08,343 [INFO] PluginManage:310 - Check plugin pinoutandconfiguration
2025-11-29 00:51:08,349 [INFO] PluginManage:359 - Loaded plugin pinoutandconfiguration (category:base,tabindex:1)
2025-11-29 00:51:08,349 [INFO] PluginManage:310 - Check plugin pinoutconfig
2025-11-29 00:51:08,403 [WARN] SupportedApi:132 - Cannot load RTOS API schema: s4s-elt-must-match.1: The content of 'definitions' must match (annotation?, (simpleType | complexType)?, (unique | key | keyref)*)). A problem was found starting at: attribute.
2025-11-29 00:51:08,484 [INFO] PluginManage:359 - Loaded plugin pinoutconfig (category:base,tabindex:0)
2025-11-29 00:51:08,484 [INFO] PluginManage:310 - Check plugin power
2025-11-29 00:51:08,490 [INFO] PluginManage:359 - Loaded plugin power (category:power,tabindex:4)
2025-11-29 00:51:08,491 [INFO] PluginManage:310 - Check plugin projectmanager
2025-11-29 00:51:08,499 [INFO] PluginManage:359 - Loaded plugin projectmanager (category:projectmanager,tabindex:4)
2025-11-29 00:51:08,499 [INFO] PluginManage:310 - Check plugin rif
2025-11-29 00:51:08,504 [INFO] PluginManage:359 - Loaded plugin rif (category:base,tabindex:3)
2025-11-29 00:51:08,504 [INFO] PluginManage:310 - Check plugin thirdparty
2025-11-29 00:51:08,587 [INFO] PluginManage:359 - Loaded plugin thirdparty (category:base,tabindex:-1)
2025-11-29 00:51:08,586 [WARN] IntegrityCheckThread:84 - waiting for thirdparty lock release [integrity check]
2025-11-29 00:51:08,587 [INFO] PluginManage:310 - Check plugin tools
2025-11-29 00:51:08,587 [INFO] IntegrityCheckThread:86 - entering critical section [integrity check]
2025-11-29 00:51:08,587 [INFO] ThirdPartyUpdaterWithRetryManager:70 - Updater plugin not ready yet. [1/15]
2025-11-29 00:51:08,588 [INFO] PluginManage:359 - Loaded plugin tools (category:base,tabindex:7)
2025-11-29 00:51:08,589 [INFO] PluginManage:310 - Check plugin tutovideos
2025-11-29 00:51:08,699 [INFO] PluginManage:359 - Loaded plugin tutovideos (category:base,tabindex:-1)
2025-11-29 00:51:08,699 [INFO] PluginManage:310 - Check plugin updater
2025-11-29 00:51:08,712 [INFO] PluginManage:359 - Loaded plugin updater (category:base,tabindex:12)
2025-11-29 00:51:08,712 [INFO] PluginManage:310 - Check plugin userauth
2025-11-29 00:51:08,715 [INFO] UserAuth:118 - Init User Auth plugin
2025-11-29 00:51:08,716 [INFO] PluginManage:359 - Loaded plugin userauth (category:base,tabindex:14)
2025-11-29 00:51:08,716 [INFO] PluginManage:283 - PluginManage : Loaded plugins [18]
2025-11-29 00:51:08,843 [INFO] PinOutPanel:1589 - setPackage(No Configuration,No Configuration)
2025-11-29 00:51:08,895 [INFO] CADModel:165 - CPN selected for project level
2025-11-29 00:51:08,895 [INFO] CADModel:114 - Register for checkConnection events
2025-11-29 00:51:08,906 [INFO] IPUIPlugin:80 - create IPUIPlugin
2025-11-29 00:51:08,906 [INFO] PluginManager:220 - loadIPPluginJar : add adc
2025-11-29 00:51:08,908 [INFO] IPUIPlugin:80 - create IPUIPlugin
2025-11-29 00:51:08,908 [INFO] PluginManager:220 - loadIPPluginJar : add aes
2025-11-29 00:51:08,910 [INFO] IPUIPlugin:80 - create IPUIPlugin
2025-11-29 00:51:08,910 [INFO] PluginManager:220 - loadIPPluginJar : add can
2025-11-29 00:51:08,911 [INFO] IPUIPlugin:80 - create IPUIPlugin
2025-11-29 00:51:08,911 [INFO] PluginManager:220 - loadIPPluginJar : add comp
2025-11-29 00:51:08,912 [INFO] IPUIPlugin:80 - create IPUIPlugin
2025-11-29 00:51:08,912 [INFO] PluginManager:220 - loadIPPluginJar : add cryp
2025-11-29 00:51:08,914 [INFO] IPUIPlugin:80 - create IPUIPlugin
2025-11-29 00:51:08,914 [INFO] PluginManager:220 - loadIPPluginJar : add ddr_ctrl_phy
2025-11-29 00:51:08,916 [INFO] IPUIPlugin:80 - create IPUIPlugin
2025-11-29 00:51:08,916 [INFO] PluginManager:220 - loadIPPluginJar : add dfsdm
2025-11-29 00:51:08,919 [INFO] IPUIPlugin:80 - create IPUIPlugin
2025-11-29 00:51:08,919 [INFO] PluginManager:220 - loadIPPluginJar : add dma
2025-11-29 00:51:08,920 [INFO] IPUIPlugin:80 - create IPUIPlugin
2025-11-29 00:51:08,921 [INFO] PluginManager:220 - loadIPPluginJar : add dma3
2025-11-29 00:51:08,922 [INFO] IPUIPlugin:80 - create IPUIPlugin
2025-11-29 00:51:08,922 [INFO] PluginManager:220 - loadIPPluginJar : add extmemmanager
2025-11-29 00:51:08,923 [INFO] IPUIPlugin:80 - create IPUIPlugin
2025-11-29 00:51:08,923 [INFO] PluginManager:220 - loadIPPluginJar : add fatfs
2025-11-29 00:51:08,925 [INFO] IPUIPlugin:80 - create IPUIPlugin
2025-11-29 00:51:08,925 [INFO] PluginManager:220 - loadIPPluginJar : add fmc
2025-11-29 00:51:08,930 [INFO] IPUIPlugin:80 - create IPUIPlugin
2025-11-29 00:51:08,930 [INFO] PluginManager:220 - loadIPPluginJar : add freertos
2025-11-29 00:51:08,930 [INFO] IPUIPlugin:80 - create IPUIPlugin
2025-11-29 00:51:08,930 [INFO] PluginManager:220 - loadIPPluginJar : add genericplugin
2025-11-29 00:51:08,932 [INFO] IPUIPlugin:80 - create IPUIPlugin
2025-11-29 00:51:08,932 [INFO] PluginManager:220 - loadIPPluginJar : add gfxmmu
2025-11-29 00:51:08,934 [INFO] IPUIPlugin:80 - create IPUIPlugin
2025-11-29 00:51:08,934 [INFO] PluginManager:220 - loadIPPluginJar : add gic
2025-11-29 00:51:08,937 [INFO] IPUIPlugin:80 - create IPUIPlugin
2025-11-29 00:51:08,937 [INFO] PluginManager:220 - loadIPPluginJar : add gpio
2025-11-29 00:51:08,939 [INFO] IPUIPlugin:80 - create IPUIPlugin
2025-11-29 00:51:08,939 [INFO] PluginManager:220 - loadIPPluginJar : add gtzc
2025-11-29 00:51:08,940 [INFO] IPUIPlugin:80 - create IPUIPlugin
2025-11-29 00:51:08,940 [INFO] PluginManager:220 - loadIPPluginJar : add hash
2025-11-29 00:51:08,941 [INFO] IPUIPlugin:80 - create IPUIPlugin
2025-11-29 00:51:08,942 [INFO] PluginManager:220 - loadIPPluginJar : add i2c
2025-11-29 00:51:08,943 [INFO] IPUIPlugin:80 - create IPUIPlugin
2025-11-29 00:51:08,943 [INFO] PluginManager:220 - loadIPPluginJar : add i2s
2025-11-29 00:51:08,945 [INFO] IPUIPlugin:80 - create IPUIPlugin
2025-11-29 00:51:08,945 [INFO] PluginManager:220 - loadIPPluginJar : add i3c
2025-11-29 00:51:08,947 [INFO] IPUIPlugin:80 - create IPUIPlugin
2025-11-29 00:51:08,947 [INFO] PluginManager:220 - loadIPPluginJar : add ipddr
2025-11-29 00:51:08,950 [INFO] IPUIPlugin:80 - create IPUIPlugin
2025-11-29 00:51:08,950 [INFO] PluginManager:220 - loadIPPluginJar : add linkedlist
2025-11-29 00:51:08,953 [INFO] IPUIPlugin:80 - create IPUIPlugin
2025-11-29 00:51:08,953 [INFO] PluginManager:220 - loadIPPluginJar : add lorawan
2025-11-29 00:51:08,954 [INFO] IPUIPlugin:80 - create IPUIPlugin
2025-11-29 00:51:08,954 [INFO] PluginManager:220 - loadIPPluginJar : add ltdc
2025-11-29 00:51:08,957 [INFO] IPUIPlugin:80 - create IPUIPlugin
2025-11-29 00:51:08,957 [INFO] PluginManager:220 - loadIPPluginJar : add mdma
2025-11-29 00:51:08,960 [INFO] IPUIPlugin:80 - create IPUIPlugin
2025-11-29 00:51:08,960 [INFO] PluginManager:220 - loadIPPluginJar : add nvic
2025-11-29 00:51:08,962 [INFO] IPUIPlugin:80 - create IPUIPlugin
2025-11-29 00:51:08,962 [INFO] PluginManager:220 - loadIPPluginJar : add opamp
2025-11-29 00:51:08,964 [INFO] IPUIPlugin:80 - create IPUIPlugin
2025-11-29 00:51:08,964 [INFO] PluginManager:220 - loadIPPluginJar : add openamp
2025-11-29 00:51:08,966 [INFO] IPUIPlugin:80 - create IPUIPlugin
2025-11-29 00:51:08,966 [INFO] PluginManager:220 - loadIPPluginJar : add pdm2pcm
2025-11-29 00:51:08,969 [INFO] IPUIPlugin:80 - create IPUIPlugin
2025-11-29 00:51:08,971 [INFO] PluginManager:220 - loadIPPluginJar : add plateformsettings
2025-11-29 00:51:08,971 [INFO] IPUIPlugin:80 - create IPUIPlugin
2025-11-29 00:51:08,972 [INFO] PluginManager:220 - loadIPPluginJar : add quadspi
2025-11-29 00:51:08,973 [INFO] IPUIPlugin:80 - create IPUIPlugin
2025-11-29 00:51:08,973 [INFO] PluginManager:220 - loadIPPluginJar : add radio
2025-11-29 00:51:08,976 [INFO] IPUIPlugin:80 - create IPUIPlugin
2025-11-29 00:51:08,976 [INFO] PluginManager:220 - loadIPPluginJar : add resmgrutility
2025-11-29 00:51:08,977 [INFO] IPUIPlugin:80 - create IPUIPlugin
2025-11-29 00:51:08,977 [INFO] PluginManager:220 - loadIPPluginJar : add sai
2025-11-29 00:51:08,979 [INFO] IPUIPlugin:80 - create IPUIPlugin
2025-11-29 00:51:08,979 [INFO] PluginManager:220 - loadIPPluginJar : add spi
2025-11-29 00:51:08,982 [INFO] IPUIPlugin:80 - create IPUIPlugin
2025-11-29 00:51:08,982 [INFO] PluginManager:220 - loadIPPluginJar : add stm32_wpan
2025-11-29 00:51:08,983 [INFO] IPUIPlugin:80 - create IPUIPlugin
2025-11-29 00:51:08,983 [INFO] PluginManager:220 - loadIPPluginJar : add tim
2025-11-29 00:51:08,985 [INFO] IPUIPlugin:80 - create IPUIPlugin
2025-11-29 00:51:08,985 [INFO] PluginManager:220 - loadIPPluginJar : add touchsensing
2025-11-29 00:51:08,986 [INFO] IPUIPlugin:80 - create IPUIPlugin
2025-11-29 00:51:08,986 [INFO] PluginManager:220 - loadIPPluginJar : add tracer_emb
2025-11-29 00:51:08,987 [INFO] IPUIPlugin:80 - create IPUIPlugin
2025-11-29 00:51:08,987 [INFO] PluginManager:220 - loadIPPluginJar : add ts
2025-11-29 00:51:08,988 [INFO] IPUIPlugin:80 - create IPUIPlugin
2025-11-29 00:51:08,988 [INFO] PluginManager:220 - loadIPPluginJar : add tsc
2025-11-29 00:51:08,989 [INFO] IPUIPlugin:80 - create IPUIPlugin
2025-11-29 00:51:08,989 [INFO] PluginManager:220 - loadIPPluginJar : add ucpd
2025-11-29 00:51:08,991 [INFO] IPUIPlugin:80 - create IPUIPlugin
2025-11-29 00:51:08,991 [INFO] PluginManager:220 - loadIPPluginJar : add usart
2025-11-29 00:51:08,992 [INFO] IPUIPlugin:80 - create IPUIPlugin
2025-11-29 00:51:08,992 [INFO] PluginManager:220 - loadIPPluginJar : add usbx
2025-11-29 00:51:09,093 [FATAL] Updater:351 - Updater called before beeing initialized
2025-11-29 00:51:09,105 [INFO] RulesReader:64 - Compatibility file has been processed (302 Rules)
2025-11-29 00:51:09,110 [INFO] RulesReader:64 - Compatibility file has been processed (302 Rules)
2025-11-29 00:51:09,114 [INFO] CADModel:165 - CPN selected for project level
2025-11-29 00:51:09,114 [INFO] CADModel:114 - Register for checkConnection events
2025-11-29 00:51:09,114 [FATAL] Updater:351 - Updater called before beeing initialized
2025-11-29 00:51:09,114 [ERROR] CADModel:125 - Updater not yet initialized, retry later 
2025-11-29 00:51:09,196 [FATAL] Updater:351 - Updater called before beeing initialized
2025-11-29 00:51:09,197 [INFO] CADModel:165 - CPN selected for project level
2025-11-29 00:51:09,198 [INFO] CADModel:114 - Register for checkConnection events
2025-11-29 00:51:09,198 [FATAL] Updater:351 - Updater called before beeing initialized
2025-11-29 00:51:09,198 [ERROR] CADModel:125 - Updater not yet initialized, retry later 
2025-11-29 00:51:09,200 [FATAL] Updater:351 - Updater called before beeing initialized
2025-11-29 00:51:09,259 [FATAL] Updater:351 - Updater called before beeing initialized
2025-11-29 00:51:09,260 [INFO] DbMcusAds:53 - JSON generation date=Mon Nov 10 11:43:01 CET 2025 (1762771381061)
2025-11-29 00:51:09,261 [FATAL] Updater:351 - Updater called before beeing initialized
2025-11-29 00:51:09,285 [WARN] DetailPanel:346 - Failed to get advertising image, set to default
2025-11-29 00:51:09,425 [FATAL] Updater:351 - Updater called before beeing initialized
2025-11-29 00:51:09,427 [FATAL] Updater:351 - Updater called before beeing initialized
2025-11-29 00:51:09,427 [FATAL] Updater:351 - Updater called before beeing initialized
2025-11-29 00:51:09,427 [WARN] DetailPanel:346 - Failed to get advertising image, set to default
2025-11-29 00:51:09,427 [FATAL] Updater:351 - Updater called before beeing initialized
2025-11-29 00:51:09,451 [ERROR] Updater:1198 - MainUpdater not yet initialized. External WinMGr cannot be set.
2025-11-29 00:51:09,452 [INFO] Updater:1134 - Updater Version found : 6.14.1
2025-11-29 00:51:09,463 [INFO] ApplicationProperties:184 - Using Application install path: C:\Program Files\STMicroelectronics\STM32Cube\STM32CubeIDE_1.18.1\STM32CubeIDE\plugins\com.st.stm32cube.common.mx_6.14.1.202504091515
2025-11-29 00:51:11,029 [ERROR] LogOutputStream:75 - [STDERR_REDIRECT] Nov 29, 2025 12:51:11 AM java.util.prefs.WindowsPreferences <init>
2025-11-29 00:51:11,029 [ERROR] LogOutputStream:75 - [STDERR_REDIRECT] WARNING: Could not open/create prefs root node Software\JavaSoft\Prefs at root 0xffffffff80000002. Windows RegCreateKeyEx(...) returned error code 5.
2025-11-29 00:51:11,030 [ERROR] LogOutputStream:75 - [STDERR_REDIRECT] 
2025-11-29 00:51:11,252 [INFO] MainUpdater:2872 - connection check result : 10
2025-11-29 00:51:11,253 [INFO] MainUpdater:289 - Updater Check For Update Now.
2025-11-29 00:51:11,253 [INFO] MicroXplorer:498 - Change Database Version : DB.6.0.141
2025-11-29 00:51:11,257 [INFO] McuFinderGlobals:63 - Set McuFinder mode to 2 (CubeIDE integrated)
2025-11-29 00:51:11,257 [INFO] UserAuth:484 - Internet connection configuration mode: 1
2025-11-29 00:51:11,273 [INFO] JxBrowserEngine:152 - Initiate JxBrowser Engine with user profile folder
2025-11-29 00:51:11,397 [INFO] CheckServerUpdateThread:120 - End of CheckServer Thread
2025-11-29 00:51:12,016 [WARN] PackLoader:240 - Cannot read IP mode file for STMicroelectronics.FP-SNS-MOTENVWB1.1.4.0
2025-11-29 00:51:12,022 [WARN] PackLoader:240 - Cannot read IP mode file for STMicroelectronics.FP-ATR-ASTRA1.2.0.2
2025-11-29 00:51:12,031 [WARN] PackLoader:240 - Cannot read IP mode file for STMicroelectronics.X-CUBE-SMBUS.2.1.0
2025-11-29 00:51:12,035 [WARN] PackLoader:240 - Cannot read IP mode file for STMicroelectronics.X-CUBE-ST60.1.0.0
2025-11-29 00:51:12,058 [WARN] PackLoader:240 - Cannot read IP mode file for STMicroelectronics.X-CUBE-AZRTOS-F7.1.1.0
2025-11-29 00:51:12,064 [ERROR] Engine:466 - C:\Users\estad\.stm32cubemx\thirdparties\pdsc\STMicroelectronics.FP-SNS-MOTENV1.5.1.0.pdsc: PDSC version is not supported
2025-11-29 00:51:12,067 [ERROR] Engine:466 - C:\Users\estad\.stm32cubemx\thirdparties\pdsc\WES.I-CUBE-Cesium.1.4.0.pdsc: PDSC version is not supported
2025-11-29 00:51:12,088 [WARN] PackLoader:240 - Cannot read IP mode file for Infineon.AIROC-Wi-Fi-Bluetooth-STM32.1.7.0
2025-11-29 00:51:12,110 [WARN] PackLoader:240 - Cannot read IP mode file for Infineon.AIROC-Wi-Fi-Bluetooth-STM32.1.7.1
2025-11-29 00:51:12,129 [WARN] PackLoader:240 - Cannot read IP mode file for STMicroelectronics.X-CUBE-AZRTOS-H7.3.4.0
2025-11-29 00:51:12,138 [WARN] PackLoader:240 - Cannot read IP mode file for STMicroelectronics.X-CUBE-DISPLAY.3.0.0
2025-11-29 00:51:12,198 [WARN] PackLoader:240 - Cannot read IP mode file for STMicroelectronics.X-CUBE-NFC10.1.0.0
2025-11-29 00:51:12,204 [WARN] PackLoader:240 - Cannot read IP mode file for STMicroelectronics.X-CUBE-BLEMGR.4.0.0
2025-11-29 00:51:12,207 [WARN] PackLoader:240 - Cannot read IP mode file for STMicroelectronics.X-CUBE-ST60.1.1.0
2025-11-29 00:51:12,211 [WARN] PackLoader:240 - Cannot read IP mode file for emotas.I-CUBE-CANOPEN.1.3.0
2025-11-29 00:51:12,214 [WARN] PackLoader:240 - Cannot read IP mode file for STMicroelectronics.X-CUBE-GNSS1.7.1.0
2025-11-29 00:51:12,217 [WARN] ConditionMgr:438 - getConditionDescription Invalid condition id : Cortex-A Device cause : null
2025-11-29 00:51:12,222 [WARN] ConditionMgr:1044 - genDependencies : Invalid condition id : Cortex-A Device cause : null
2025-11-29 00:51:12,222 [WARN] ConditionMgr:1044 - genDependencies : Invalid condition id : Cortex-A Device cause : null
2025-11-29 00:51:12,222 [WARN] ConditionMgr:1044 - genDependencies : Invalid condition id : Cortex-A Device cause : null
2025-11-29 00:51:12,224 [ERROR] Engine:466 - C:\Users\estad\.stm32cubemx\thirdparties\pdsc\STMicroelectronics.FP-SNS-STBOX1.2.1.0.pdsc: PDSC version is not supported
2025-11-29 00:51:12,226 [WARN] PackLoader:240 - Cannot read IP mode file for STMicroelectronics.FP-SNS-SMARTAG2.1.2.0
2025-11-29 00:51:12,229 [WARN] PackLoader:240 - Cannot read IP mode file for STMicroelectronics.FP-SNS-FLIGHT1.5.1.0
2025-11-29 00:51:12,235 [INFO] LogOutputStream:77 - [STDOUT_REDIRECT] 1 : Invalid condition id : UX_CORESTACK_Condition cause : null
2025-11-29 00:51:12,235 [INFO] LogOutputStream:77 - [STDOUT_REDIRECT] 1 : Invalid condition id : UX_CORESTACK_Condition cause : null
2025-11-29 00:51:12,236 [INFO] LogOutputStream:77 - [STDOUT_REDIRECT] 1 : Invalid condition id : UX_CORESTACK_Condition cause : null
2025-11-29 00:51:12,236 [INFO] LogOutputStream:77 - [STDOUT_REDIRECT] 1 : Invalid condition id : UX_CORESTACK_Condition cause : null
2025-11-29 00:51:12,237 [INFO] LogOutputStream:77 - [STDOUT_REDIRECT] 1 : Invalid condition id : UX_CORESTACK_Condition cause : null
2025-11-29 00:51:12,238 [WARN] PackLoader:240 - Cannot read IP mode file for STMicroelectronics.X-CUBE-AZRTOS-WL.2.0.0
2025-11-29 00:51:12,241 [WARN] PackLoader:240 - Cannot read IP mode file for STMicroelectronics.FP-SNS-MOTENV1.5.0.0
2025-11-29 00:51:12,250 [WARN] PackLoader:240 - Cannot read IP mode file for STMicroelectronics.X-CUBE-AZRTOS-H7RS.1.2.0
2025-11-29 00:51:12,255 [WARN] PackLoader:240 - Cannot read IP mode file for WES.I-CUBE-Cesium.1.3.0
2025-11-29 00:51:12,262 [WARN] PackLoader:240 - Cannot read IP mode file for STMicroelectronics.X-CUBE-BLE2.3.3.0
2025-11-29 00:51:12,272 [WARN] PackLoader:240 - Cannot read IP mode file for STMicroelectronics.X-CUBE-NFC9.1.0.0
2025-11-29 00:51:12,275 [WARN] PackLoader:240 - Cannot read IP mode file for wolfSSL.I-CUBE-wolfSSL.5.8.0
2025-11-29 00:51:12,277 [WARN] PackLoader:240 - Cannot read IP mode file for wolfSSL.I-CUBE-wolfSSL.5.8.2
2025-11-29 00:51:12,280 [WARN] PackLoader:240 - Cannot read IP mode file for STMicroelectronics.X-CUBE-BLE1.7.1.0
2025-11-29 00:51:12,283 [WARN] PackLoader:240 - Cannot read IP mode file for wolfSSL.I-CUBE-wolfMQTT.1.19.2
2025-11-29 00:51:12,284 [ERROR] Engine:466 - C:\Users\estad\.stm32cubemx\thirdparties\pdsc\STMicroelectronics.X-CUBE-FREERTOS.1.4.0.pdsc: PDSC version is not supported
2025-11-29 00:51:12,288 [WARN] PackLoader:240 - Cannot read IP mode file for STMicroelectronics.X-CUBE-EEPRMA1.5.2.0
2025-11-29 00:51:12,291 [ERROR] Engine:466 - C:\Users\estad\.stm32cubemx\thirdparties\pdsc\STMicroelectronics.X-CUBE-ST67W61.1.1.0.pdsc: PDSC version is not supported
2025-11-29 00:51:12,293 [WARN] PackLoader:240 - Cannot read IP mode file for STMicroelectronics.X-CUBE-AI.10.1.0
2025-11-29 00:51:12,313 [WARN] PackLoader:240 - Cannot read IP mode file for STMicroelectronics.X-CUBE-MEMS1.12.0.0
2025-11-29 00:51:12,322 [INFO] WebApp:169 - Instantiating new browser for Auth
2025-11-29 00:51:12,367 [WARN] PackLoader:240 - Cannot read IP mode file for STMicroelectronics.X-CUBE-AZRTOS-G0.1.1.0
2025-11-29 00:51:12,372 [WARN] PackLoader:240 - Cannot read IP mode file for STMicroelectronics.X-CUBE-SAFEA1.1.2.2
2025-11-29 00:51:12,375 [WARN] PackLoader:240 - Cannot read IP mode file for STMicroelectronics.X-CUBE-NFC4.3.0.0
2025-11-29 00:51:12,380 [WARN] PackLoader:240 - Cannot read IP mode file for EmbeddedOffice.I-CUBE-FS-RTOS.1.0.1
2025-11-29 00:51:12,384 [WARN] PackLoader:240 - Cannot read IP mode file for STMicroelectronics.X-CUBE-WB05N.2.0.0
2025-11-29 00:51:12,388 [WARN] PackLoader:240 - Cannot read IP mode file for wolfSSL.I-CUBE-wolfTPM.3.8.0
2025-11-29 00:51:12,392 [WARN] PackLoader:240 - Cannot read IP mode file for STMicroelectronics.X-CUBE-TCPP.4.2.0
2025-11-29 00:51:12,397 [WARN] PackLoader:240 - Cannot read IP mode file for RealThread.X-CUBE-RT-Thread_Nano.4.1.1
2025-11-29 00:51:12,400 [WARN] PackLoader:240 - Cannot read IP mode file for STMicroelectronics.FP-ATR-SIGFOX1.3.2.0
2025-11-29 00:51:12,403 [WARN] PackLoader:240 - Cannot read IP mode file for STMicroelectronics.X-CUBE-EEPRMA1.5.1.0
2025-11-29 00:51:12,408 [WARN] PackLoader:240 - Cannot read IP mode file for ITTIA_DB.I-CUBE-ITTIADB.8.9.0
2025-11-29 00:51:12,414 [WARN] PackLoader:240 - Cannot read IP mode file for STMicroelectronics.X-CUBE-ST67W61.1.0.0
2025-11-29 00:51:12,417 [WARN] PackLoader:240 - Cannot read IP mode file for STMicroelectronics.X-CUBE-AI.10.2.0
2025-11-29 00:51:12,432 [WARN] PackLoader:240 - Cannot read IP mode file for SEGGER.I-CUBE-embOS.1.3.1
2025-11-29 00:51:12,454 [WARN] PackLoader:240 - Cannot read IP mode file for STMicroelectronics.X-CUBE-ALGOBUILD.1.4.0
2025-11-29 00:51:12,487 [WARN] PackLoader:240 - Cannot read IP mode file for STMicroelectronics.X-CUBE-MEMS1.11.3.0
2025-11-29 00:51:12,549 [WARN] PackLoader:240 - Cannot read IP mode file for STMicroelectronics.X-CUBE-PM33A1.1.0.0
2025-11-29 00:51:12,556 [WARN] PackLoader:240 - Cannot read IP mode file for STMicroelectronics.X-CUBE-AZRTOS-F4.1.1.0
2025-11-29 00:51:12,559 [WARN] PackLoader:240 - Cannot read IP mode file for Avnet-IotConnect.X-CUBE-IoTC-DA16k-PMOD.1.0.0
2025-11-29 00:51:12,562 [WARN] PackLoader:240 - Cannot read IP mode file for STMicroelectronics.X-CUBE-ISPU.2.1.0
2025-11-29 00:51:12,564 [ERROR] Engine:466 - C:\Users\estad\.stm32cubemx\thirdparties\pdsc\STMicroelectronics.X-CUBE-IPS.3.2.0.pdsc: PDSC version is not supported
2025-11-29 00:51:12,567 [WARN] PackLoader:240 - Cannot read IP mode file for STMicroelectronics.X-CUBE-NFC12.1.0.0
2025-11-29 00:51:12,575 [WARN] PackLoader:240 - Cannot read IP mode file for STMicroelectronics.X-CUBE-AZRTOS-L5.2.0.0
2025-11-29 00:51:12,581 [WARN] PackLoader:240 - Cannot read IP mode file for STMicroelectronics.X-CUBE-NFC6.3.1.0
2025-11-29 00:51:12,586 [WARN] PackLoader:240 - Cannot read IP mode file for STMicroelectronics.X-CUBE-FREERTOS.1.3.1
2025-11-29 00:51:12,590 [WARN] PackLoader:240 - Cannot read IP mode file for STMicroelectronics.X-CUBE-TOUCHGFX.4.26.0
2025-11-29 00:51:12,593 [WARN] PackLoader:240 - Cannot read IP mode file for STMicroelectronics.FP-SNS-STAIOTCFT.1.0.0
2025-11-29 00:51:12,597 [WARN] PackLoader:240 - Cannot read IP mode file for STMicroelectronics.X-CUBE-DPower.1.3.0
2025-11-29 00:51:12,605 [WARN] ConditionMgr:438 - getConditionDescription Invalid condition id : LAN8742 Phy interface Condition cause : null
2025-11-29 00:51:12,605 [WARN] PackLoader:240 - Cannot read IP mode file for STMicroelectronics.X-CUBE-AZRTOS-L4.2.0.0
2025-11-29 00:51:12,606 [WARN] ConditionMgr:1044 - genDependencies : Invalid condition id : LAN8742 Phy interface Condition cause : null
2025-11-29 00:51:12,606 [WARN] ConditionMgr:1044 - genDependencies : Invalid condition id : LAN8742 Phy interface Condition cause : null
2025-11-29 00:51:12,606 [WARN] ConditionMgr:1044 - genDependencies : Invalid condition id : LAN8742 Phy interface Condition cause : null
2025-11-29 00:51:12,610 [WARN] PackLoader:240 - Cannot read IP mode file for STMicroelectronics.X-CUBE-SFXS2LP1.4.0.0
2025-11-29 00:51:12,626 [WARN] PackLoader:240 - Cannot read IP mode file for STMicroelectronics.X-CUBE-AZRTOS-H7.3.3.0
2025-11-29 00:51:12,631 [WARN] PackLoader:240 - Cannot read IP mode file for STMicroelectronics.X-CUBE-BLEMGR.4.1.0
2025-11-29 00:51:12,640 [WARN] ConditionMgr:438 - getConditionDescription Invalid condition id : UX DEVICE CLASS RTOS Condition cause : null
2025-11-29 00:51:12,640 [WARN] ConditionMgr:438 - getConditionDescription Invalid condition id : UX DEVICE CLASS RTOS Condition cause : null
2025-11-29 00:51:12,641 [WARN] PackLoader:240 - Cannot read IP mode file for STMicroelectronics.X-CUBE-AZRTOS-WB.2.0.0
2025-11-29 00:51:12,641 [WARN] ConditionMgr:1044 - genDependencies : Invalid condition id : UX DEVICE CLASS RTOS Condition cause : null
2025-11-29 00:51:12,641 [WARN] ConditionMgr:1044 - genDependencies : Invalid condition id : UX DEVICE CLASS RTOS Condition cause : null
2025-11-29 00:51:12,642 [WARN] ConditionMgr:1044 - genDependencies : Invalid condition id : UX DEVICE CLASS RTOS Condition cause : null
2025-11-29 00:51:12,642 [WARN] ConditionMgr:1044 - genDependencies : Invalid condition id : UX DEVICE CLASS RTOS Condition cause : null
2025-11-29 00:51:12,642 [WARN] ConditionMgr:1044 - genDependencies : Invalid condition id : UX DEVICE CLASS RTOS Condition cause : null
2025-11-29 00:51:12,645 [WARN] PackLoader:240 - Cannot read IP mode file for STMicroelectronics.X-CUBE-GNSS1.7.0.1
2025-11-29 00:51:12,649 [WARN] PackLoader:240 - Cannot read IP mode file for STMicroelectronics.X-CUBE-TOUCHGFX.4.25.0
2025-11-29 00:51:12,653 [WARN] PackLoader:240 - Cannot read IP mode file for STMicroelectronics.FP-SNS-STBOX1.2.0.0
2025-11-29 00:51:12,656 [WARN] ConditionMgr:438 - getConditionDescription Invalid condition id : Cortex-A Device cause : null
2025-11-29 00:51:12,661 [WARN] ConditionMgr:1044 - genDependencies : Invalid condition id : Cortex-A Device cause : null
2025-11-29 00:51:12,661 [WARN] ConditionMgr:1044 - genDependencies : Invalid condition id : Cortex-A Device cause : null
2025-11-29 00:51:12,661 [WARN] ConditionMgr:1044 - genDependencies : Invalid condition id : Cortex-A Device cause : null
2025-11-29 00:51:12,667 [WARN] PackLoader:240 - Cannot read IP mode file for STMicroelectronics.X-CUBE-SUBG2.5.0.0
2025-11-29 00:51:12,681 [WARN] PackLoader:240 - Cannot read IP mode file for STMicroelectronics.X-CUBE-AZRTOS-H7RS.1.1.0
2025-11-29 00:51:12,686 [WARN] PackLoader:240 - Cannot read IP mode file for Cesanta.I-CUBE-Mongoose.7.13.0
2025-11-29 00:51:12,693 [WARN] PackLoader:240 - Cannot read IP mode file for STMicroelectronics.X-CUBE-AZRTOS-G4.2.0.0
2025-11-29 00:51:12,697 [WARN] PackLoader:240 - Cannot read IP mode file for wolfSSL.I-CUBE-wolfSSH.1.4.20
2025-11-29 00:51:12,701 [WARN] PackLoader:240 - Cannot read IP mode file for STMicroelectronics.X-CUBE-NFC7.2.0.0
2025-11-29 00:51:12,707 [WARN] PackLoader:240 - Cannot read IP mode file for STMicroelectronics.X-CUBE-IPS.3.1.0
2025-11-29 00:51:12,712 [WARN] PackLoader:240 - Cannot read IP mode file for STMicroelectronics.X-CUBE-ALS.1.0.2
2025-11-29 00:51:12,721 [WARN] PackLoader:240 - Cannot read IP mode file for STMicroelectronics.X-CUBE-STSE01.1.0.0
2025-11-29 00:51:12,730 [WARN] PackLoader:240 - Cannot read IP mode file for portGmbH.I-Cube-SoM-uGOAL.1.1.0
2025-11-29 00:51:12,737 [WARN] PackLoader:240 - Cannot read IP mode file for STMicroelectronics.X-CUBE-TOF1.3.4.3
2025-11-29 00:51:12,742 [INFO] ThirdParty:978 - Integrity check success = true
2025-11-29 00:51:12,742 [INFO] IntegrityCheckThread:100 - exiting critical section [integrity check]
2025-11-29 00:51:12,743 [INFO] IntegrityCheckThread:103 - End integrity checks thread
2025-11-29 00:51:12,982 [INFO] WebApp:463 - Apply proxy settings
2025-11-29 00:51:12,982 [INFO] WebApp:548 - Chromium requires no authentication
2025-11-29 00:51:12,988 [INFO] WebApp:491 - Direct internet connection detected
2025-11-29 00:51:13,002 [INFO] WebApp:894 - Register for checkConnection events
2025-11-29 00:51:13,002 [INFO] WebApp:463 - Apply proxy settings
2025-11-29 00:51:13,002 [INFO] WebApp:548 - Chromium requires no authentication
2025-11-29 00:51:13,002 [INFO] WebApp:491 - Direct internet connection detected
2025-11-29 00:51:13,115 [INFO] WebApp:225 - Starting web application
2025-11-29 00:51:13,115 [INFO] WebApp:593 - Web application path used C:\Program Files\STMicroelectronics\STM32Cube\STM32CubeIDE_1.18.1\STM32CubeIDE\plugins\com.st.stm32cube.common.mx_6.14.1.202504091515\db\plugins\mcufinder\reactClient1\index.html
2025-11-29 00:51:13,144 [ERROR] LogOutputStream:75 - [STDERR_REDIRECT] 
